<?xml version="1.0" encoding="UTF-8"?>
<!-- Generated by org.testng.reporters.JUnitReportReporter -->
<testsuite skipped="0" hostname="WINCTRL-7M9H3FQ" name="VtigerApplication.ContactsTest" tests="1" failures="0" timestamp="2020-08-04T15:29:50 IST" time="39.927" errors="0">
  <testcase name="createContactsTest" time="39.927" classname="VtigerApplication.ContactsTest"/>
  <system-out/>
</testsuite> <!-- VtigerApplication.ContactsTest -->
