<?xml version="1.0" encoding="UTF-8"?>
<!-- Generated by org.testng.reporters.JUnitReportReporter -->
<testsuite skipped="0" hostname="WINCTRL-7M9H3FQ" name="crm.Vtiger.Orga.DeleteOrgaTest" tests="1" failures="0" timestamp="2020-08-04T14:45:18 IST" time="29.497" errors="0">
  <testcase name="deleteOrganization" time="29.497" classname="crm.Vtiger.Orga.DeleteOrgaTest"/>
  <system-out/>
</testsuite> <!-- crm.Vtiger.Orga.DeleteOrgaTest -->
