<?xml version="1.0" encoding="UTF-8"?>
<!-- Generated by org.testng.reporters.JUnitReportReporter -->
<testsuite skipped="0" hostname="WINCTRL-7M9H3FQ" name="crm.Vtiger.Orga.DeleteOrganization" tests="1" failures="0" timestamp="04 Aug 2020 06:04:19 GMT" time="72.586" errors="0">
  <testcase name="deleteOrganization" time="72.586" classname="crm.Vtiger.Orga.DeleteOrganization"/>
</testsuite> <!-- crm.Vtiger.Orga.DeleteOrganization -->
