<?xml version="1.0" encoding="UTF-8"?>
<!-- Generated by org.testng.reporters.JUnitReportReporter -->
<testsuite skipped="0" hostname="WINCTRL-7M9H3FQ" name="DemoRun.DemoTest" tests="1" failures="0" timestamp="02 Aug 2020 06:15:16 GMT" time="2.831" errors="0">
  <testcase name="DemoExcellreadTest" time="2.831" classname="DemoRun.DemoTest"/>
</testsuite> <!-- DemoRun.DemoTest -->
