<?xml version="1.0" encoding="UTF-8"?>
<!-- Generated by org.testng.reporters.JUnitReportReporter -->
<testsuite skipped="0" hostname="WINCTRL-7M9H3FQ" name="crm.Vtiger.Orga.DeleteOrganizationTest" tests="1" failures="0" timestamp="2020-08-04T14:39:22 IST" time="84.385" errors="0">
  <testcase name="deleteOrganization" time="84.385" classname="crm.Vtiger.Orga.DeleteOrganizationTest"/>
  <system-out/>
</testsuite> <!-- crm.Vtiger.Orga.DeleteOrganizationTest -->
