<?xml version="1.0" encoding="UTF-8"?>
<!-- Generated by org.testng.reporters.JUnitReportReporter -->
<testsuite skipped="0" hostname="WINCTRL-7M9H3FQ" name="crm.Vtiger.contacts.DeleteContactTest" tests="1" failures="0" timestamp="2020-08-04T16:03:58 IST" time="84.536" errors="0">
  <testcase name="deleteContactTest" time="84.536" classname="crm.Vtiger.contacts.DeleteContactTest"/>
  <system-out/>
</testsuite> <!-- crm.Vtiger.contacts.DeleteContactTest -->
