<?xml version="1.0" encoding="UTF-8"?>
<!-- Generated by org.testng.reporters.JUnitReportReporter -->
<testsuite skipped="0" hostname="WINCTRL-7M9H3FQ" name="VtigerApplication.loginTest" tests="1" failures="0" timestamp="03 Aug 2020 05:24:45 GMT" time="112.215" errors="0">
  <testcase name="LogintoVtigerfromExcelpom" time="112.215" classname="VtigerApplication.loginTest"/>
</testsuite> <!-- VtigerApplication.loginTest -->
